<?xml version="1.0" encoding="UTF-8"?>
<testsuite name="org.jetbrains.kotlinconf.DateTest" tests="1" skipped="0" failures="0" errors="0" timestamp="2018-12-11T12:26:56" hostname="New.local" time="0.006">
  <properties/>
  <testcase name="testMethod" classname="org.jetbrains.kotlinconf.DateTest" time="0.006"/>
  <system-out><![CDATA[]]></system-out>
  <system-err><![CDATA[]]></system-err>
</testsuite>
